<?xml version="1.0" encoding="UTF-8"?>
<!-- Generated by org.testng.reporters.JUnitReportReporter -->
<testsuite hostname="DESKTOP-6A326NF" failures="0" tests="1" name="com.Sauce.testcases.orderItemTest" time="2.740" errors="0" timestamp="14 Apr 2023 13:44:11 GMT" skipped="0">
  <testcase classname="com.Sauce.testcases.orderItemTest" name="orderTest" time="2.740"/>
</testsuite> <!-- com.Sauce.testcases.orderItemTest -->
